# JRE version: OpenJDK Runtime Environment (21.0.5) (build 21.0.5+-13047016-b750.29)
# Java VM: OpenJDK 64-Bit Server VM (21.0.5+-13047016-b750.29, mixed mode, tiered, compressed oops, compressed class ptrs, g1 gc, windows-amd64)
GC Precious Log:
 CardTable entry size: 512
 Card Set container configuration: InlinePtr #cards 5 size 8 Array Of Cards #cards 12 size 40 Howl #buckets 4 coarsen threshold 1843 Howl Bitmap #cards 512 size 80 coarsen threshold 460 Card regions per heap region 1 cards per card region 2048
 CPUs: 4 total, 4 available
 Memory: 3933M
 Large Page Support: Disabled
 NUMA Support: Disabled
 Compressed Oops: Enabled (32-bit)
 Heap Region Size: 1M
 Heap Min Capacity: 8M
 Heap Initial Capacity: 62M
 Heap Max Capacity: 984M
 Pre-touch: Disabled
 Parallel Workers: 4
 Concurrent Workers: 1
 Concurrent Refinement Workers: 4
 Periodic GC: Disabled
Heap:
 garbage-first heap   total 62464K, used 44293K [0x00000000c2800000, 0x0000000100000000)
  region size 1024K, 10 young (10240K), 3 survivors (3072K)
 Metaspace       used 48149K, committed 48960K, reserved 1114112K
  class space    used 5701K, committed 6080K, reserved 1048576K
GC Heap History (20 events):
Event: 34.539 GC heap before
{Heap before GC invocations=8 (full 0):
 garbage-first heap   total 38912K, used 28447K [0x00000000c2800000, 0x0000000100000000)
  region size 1024K, 13 young (13312K), 2 survivors (2048K)
 Metaspace       used 35759K, committed 35968K, reserved 1114112K
  class space    used 4330K, committed 4416K, reserved 1048576K
}
Event: 34.558 GC heap after
{Heap after GC invocations=9 (full 0):
 garbage-first heap   total 38912K, used 19467K [0x00000000c2800000, 0x0000000100000000)
  region size 1024K, 2 young (2048K), 2 survivors (2048K)
 Metaspace       used 35759K, committed 35968K, reserved 1114112K
  class space    used 4330K, committed 4416K, reserved 1048576K
}
Event: 35.833 GC heap before
{Heap before GC invocations=10 (full 0):
 garbage-first heap   total 38912K, used 30731K [0x00000000c2800000, 0x0000000100000000)
  region size 1024K, 14 young (14336K), 2 survivors (2048K)
 Metaspace       used 38420K, committed 38784K, reserved 1114112K
  class space    used 4569K, committed 4736K, reserved 1048576K
}
Event: 35.847 GC heap after
{Heap after GC invocations=11 (full 0):
 garbage-first heap   total 38912K, used 20710K [0x00000000c2800000, 0x0000000100000000)
  region size 1024K, 2 young (2048K), 2 survivors (2048K)
 Metaspace       used 38420K, committed 38784K, reserved 1114112K
  class space    used 4569K, committed 4736K, reserved 1048576K
}
Event: 40.303 GC heap before
{Heap before GC invocations=11 (full 0):
 garbage-first heap   total 38912K, used 32998K [0x00000000c2800000, 0x0000000100000000)
  region size 1024K, 14 young (14336K), 2 survivors (2048K)
 Metaspace       used 39944K, committed 40512K, reserved 1114112K
  class space    used 4797K, committed 5056K, reserved 1048576K
}
Event: 40.558 GC heap after
{Heap after GC invocations=12 (full 0):
 garbage-first heap   total 47104K, used 21225K [0x00000000c2800000, 0x0000000100000000)
  region size 1024K, 1 young (1024K), 1 survivors (1024K)
 Metaspace       used 39944K, committed 40512K, reserved 1114112K
  class space    used 4797K, committed 5056K, reserved 1048576K
}
Event: 53.629 GC heap before
{Heap before GC invocations=12 (full 0):
 garbage-first heap   total 47104K, used 39657K [0x00000000c2800000, 0x0000000100000000)
  region size 1024K, 19 young (19456K), 1 survivors (1024K)
 Metaspace       used 44173K, committed 44992K, reserved 1114112K
  class space    used 5321K, committed 5696K, reserved 1048576K
}
Event: 53.647 GC heap after
{Heap after GC invocations=13 (full 0):
 garbage-first heap   total 47104K, used 22847K [0x00000000c2800000, 0x0000000100000000)
  region size 1024K, 3 young (3072K), 3 survivors (3072K)
 Metaspace       used 44173K, committed 44992K, reserved 1114112K
  class space    used 5321K, committed 5696K, reserved 1048576K
}
Event: 57.551 GC heap before
{Heap before GC invocations=13 (full 0):
 garbage-first heap   total 47104K, used 40255K [0x00000000c2800000, 0x0000000100000000)
  region size 1024K, 20 young (20480K), 3 survivors (3072K)
 Metaspace       used 45491K, committed 46272K, reserved 1114112K
  class space    used 5445K, committed 5824K, reserved 1048576K
}
Event: 57.600 GC heap after
{Heap after GC invocations=14 (full 0):
 garbage-first heap   total 47104K, used 26473K [0x00000000c2800000, 0x0000000100000000)
  region size 1024K, 3 young (3072K), 3 survivors (3072K)
 Metaspace       used 45491K, committed 46272K, reserved 1114112K
  class space    used 5445K, committed 5824K, reserved 1048576K
}
Event: 58.638 GC heap before
{Heap before GC invocations=14 (full 0):
 garbage-first heap   total 47104K, used 36713K [0x00000000c2800000, 0x0000000100000000)
  region size 1024K, 14 young (14336K), 3 survivors (3072K)
 Metaspace       used 45621K, committed 46336K, reserved 1114112K
  class space    used 5448K, committed 5824K, reserved 1048576K
}
Event: 58.656 GC heap after
{Heap after GC invocations=15 (full 0):
 garbage-first heap   total 47104K, used 27933K [0x00000000c2800000, 0x0000000100000000)
  region size 1024K, 2 young (2048K), 2 survivors (2048K)
 Metaspace       used 45621K, committed 46336K, reserved 1114112K
  class space    used 5448K, committed 5824K, reserved 1048576K
}
Event: 59.730 GC heap before
{Heap before GC invocations=16 (full 0):
 garbage-first heap   total 48128K, used 40221K [0x00000000c2800000, 0x0000000100000000)
  region size 1024K, 14 young (14336K), 2 survivors (2048K)
 Metaspace       used 45634K, committed 46400K, reserved 1114112K
  class space    used 5448K, committed 5824K, reserved 1048576K
}
Event: 59.763 GC heap after
{Heap after GC invocations=17 (full 0):
 garbage-first heap   total 48128K, used 31744K [0x00000000c2800000, 0x0000000100000000)
  region size 1024K, 2 young (2048K), 2 survivors (2048K)
 Metaspace       used 45634K, committed 46400K, reserved 1114112K
  class space    used 5448K, committed 5824K, reserved 1048576K
}
Event: 60.458 GC heap before
{Heap before GC invocations=17 (full 0):
 garbage-first heap   total 48128K, used 40960K [0x00000000c2800000, 0x0000000100000000)
  region size 1024K, 11 young (11264K), 2 survivors (2048K)
 Metaspace       used 45642K, committed 46400K, reserved 1114112K
  class space    used 5448K, committed 5824K, reserved 1048576K
}
Event: 60.478 GC heap after
{Heap after GC invocations=18 (full 0):
 garbage-first heap   total 48128K, used 33884K [0x00000000c2800000, 0x0000000100000000)
  region size 1024K, 2 young (2048K), 2 survivors (2048K)
 Metaspace       used 45642K, committed 46400K, reserved 1114112K
  class space    used 5448K, committed 5824K, reserved 1048576K
}
Event: 61.531 GC heap before
{Heap before GC invocations=18 (full 0):
 garbage-first heap   total 48128K, used 41052K [0x00000000c2800000, 0x0000000100000000)
  region size 1024K, 10 young (10240K), 2 survivors (2048K)
 Metaspace       used 45721K, committed 46528K, reserved 1114112K
  class space    used 5448K, committed 5824K, reserved 1048576K
}
Event: 61.545 GC heap after
{Heap after GC invocations=19 (full 0):
 garbage-first heap   total 62464K, used 33844K [0x00000000c2800000, 0x0000000100000000)
  region size 1024K, 2 young (2048K), 2 survivors (2048K)
 Metaspace       used 45721K, committed 46528K, reserved 1114112K
  class space    used 5448K, committed 5824K, reserved 1048576K
}
Event: 64.447 GC heap before
{Heap before GC invocations=20 (full 0):
 garbage-first heap   total 62464K, used 53300K [0x00000000c2800000, 0x0000000100000000)
  region size 1024K, 20 young (20480K), 2 survivors (2048K)
 Metaspace       used 48070K, committed 48832K, reserved 1114112K
  class space    used 5698K, committed 6080K, reserved 1048576K
}
Event: 64.473 GC heap after
{Heap after GC invocations=21 (full 0):
 garbage-first heap   total 62464K, used 38149K [0x00000000c2800000, 0x0000000100000000)
  region size 1024K, 3 young (3072K), 3 survivors (3072K)
 Metaspace       used 48070K, committed 48832K, reserved 1114112K
  class space    used 5698K, committed 6080K, reserved 1048576K
}

